<?xml version="1.0" encoding="UTF-8"?>
<!-- Generated by org.testng.reporters.JUnitXMLReporter -->
<testsuite ignored="0" hostname="XVLT0371" failures="10" tests="10" name="Default test" time="1.912" errors="0" timestamp="2024-02-27T12:28:45 IST">
  <testcase classname="io.cucumber.testng.AbstractTestNGCucumberTests" name="runScenario" time="0.385">
    <failure type="java.lang.NullPointerException" message="Cannot invoke &amp;quot;java.util.Properties.getProperty(String)&amp;quot; because &amp;quot;base.Setup.general&amp;quot; is null">
      <![CDATA[java.lang.NullPointerException: Cannot invoke "java.util.Properties.getProperty(String)" because "base.Setup.general" is null
at base.Setup.launchBrowser(Setup.java:28)
at pages.LoginPage.<init>(LoginPage.java:34)
at steps.LoginTest.user_launches_circulus_application(LoginTest.java:43)
at ✽.user launches circulus application(file:///E:/eclipse-workspace/cucumbernew/src/test/java/features/Login.feature:9)
]]>
    </failure>
  </testcase> <!-- runScenario -->
  <testcase classname="io.cucumber.testng.AbstractTestNGCucumberTests" name="runScenario" time="0.036">
    <failure type="java.lang.NullPointerException" message="Cannot invoke &amp;quot;java.util.Properties.getProperty(String)&amp;quot; because &amp;quot;base.Setup.general&amp;quot; is null">
      <![CDATA[java.lang.NullPointerException: Cannot invoke "java.util.Properties.getProperty(String)" because "base.Setup.general" is null
at base.Setup.launchBrowser(Setup.java:28)
at pages.LoginPage.<init>(LoginPage.java:34)
at steps.LoginTest.user_launches_circulus_application(LoginTest.java:43)
at ✽.user launches circulus application(file:///E:/eclipse-workspace/cucumbernew/src/test/java/features/Login.feature:9)
]]>
    </failure>
  </testcase> <!-- runScenario -->
  <testcase classname="io.cucumber.testng.AbstractTestNGCucumberTests" name="runScenario" time="0.027">
    <failure type="java.lang.NullPointerException" message="Cannot invoke &amp;quot;java.util.Properties.getProperty(String)&amp;quot; because &amp;quot;base.Setup.general&amp;quot; is null">
      <![CDATA[java.lang.NullPointerException: Cannot invoke "java.util.Properties.getProperty(String)" because "base.Setup.general" is null
at base.Setup.launchBrowser(Setup.java:28)
at pages.LoginPage.<init>(LoginPage.java:34)
at steps.LoginTest.user_launches_circulus_application(LoginTest.java:43)
at ✽.user launches circulus application(file:///E:/eclipse-workspace/cucumbernew/src/test/java/features/Login.feature:9)
]]>
    </failure>
  </testcase> <!-- runScenario -->
  <testcase classname="io.cucumber.testng.AbstractTestNGCucumberTests" name="runScenario" time="0.028">
    <failure type="java.lang.NullPointerException" message="Cannot invoke &amp;quot;java.util.Properties.getProperty(String)&amp;quot; because &amp;quot;base.Setup.general&amp;quot; is null">
      <![CDATA[java.lang.NullPointerException: Cannot invoke "java.util.Properties.getProperty(String)" because "base.Setup.general" is null
at base.Setup.launchBrowser(Setup.java:28)
at pages.LoginPage.<init>(LoginPage.java:34)
at steps.LoginTest.user_launches_circulus_application(LoginTest.java:43)
at ✽.user launches circulus application(file:///E:/eclipse-workspace/cucumbernew/src/test/java/features/Login.feature:9)
]]>
    </failure>
  </testcase> <!-- runScenario -->
  <testcase classname="io.cucumber.testng.AbstractTestNGCucumberTests" name="runScenario" time="0.015">
    <failure type="java.lang.NullPointerException" message="Cannot invoke &amp;quot;java.util.Properties.getProperty(String)&amp;quot; because &amp;quot;base.Setup.general&amp;quot; is null">
      <![CDATA[java.lang.NullPointerException: Cannot invoke "java.util.Properties.getProperty(String)" because "base.Setup.general" is null
at base.Setup.launchBrowser(Setup.java:28)
at pages.LoginPage.<init>(LoginPage.java:34)
at steps.LoginTest.user_launches_circulus_application(LoginTest.java:43)
at ✽.user launches circulus application(file:///E:/eclipse-workspace/cucumbernew/src/test/java/features/Login.feature:27)
]]>
    </failure>
  </testcase> <!-- runScenario -->
  <testcase classname="io.cucumber.testng.AbstractTestNGCucumberTests" name="runScenario" time="0.019">
    <failure type="java.lang.NullPointerException" message="Cannot invoke &amp;quot;java.util.Properties.getProperty(String)&amp;quot; because &amp;quot;base.Setup.general&amp;quot; is null">
      <![CDATA[java.lang.NullPointerException: Cannot invoke "java.util.Properties.getProperty(String)" because "base.Setup.general" is null
at base.Setup.launchBrowser(Setup.java:28)
at pages.LoginPage.<init>(LoginPage.java:34)
at steps.LoginTest.user_launches_circulus_application(LoginTest.java:43)
at ✽.user launches circulus application(file:///E:/eclipse-workspace/cucumbernew/src/test/java/features/SignUp.feature:9)
]]>
    </failure>
  </testcase> <!-- runScenario -->
  <testcase classname="io.cucumber.testng.AbstractTestNGCucumberTests" name="runScenario" time="0.023">
    <failure type="java.lang.NullPointerException" message="Cannot invoke &amp;quot;java.util.Properties.getProperty(String)&amp;quot; because &amp;quot;base.Setup.general&amp;quot; is null">
      <![CDATA[java.lang.NullPointerException: Cannot invoke "java.util.Properties.getProperty(String)" because "base.Setup.general" is null
at base.Setup.launchBrowser(Setup.java:28)
at pages.LoginPage.<init>(LoginPage.java:34)
at steps.LoginTest.user_launches_circulus_application(LoginTest.java:43)
at ✽.user launches circulus application(file:///E:/eclipse-workspace/cucumbernew/src/test/java/features/SignUp.feature:9)
]]>
    </failure>
  </testcase> <!-- runScenario -->
  <testcase classname="io.cucumber.testng.AbstractTestNGCucumberTests" name="runScenario" time="0.058">
    <failure type="java.lang.NullPointerException" message="Cannot invoke &amp;quot;org.openqa.selenium.WebDriver.quit()&amp;quot; because the return value of &amp;quot;base.Reusable.getDriver()&amp;quot; is null">
      <![CDATA[java.lang.NullPointerException: Cannot invoke "org.openqa.selenium.WebDriver.quit()" because the return value of "base.Reusable.getDriver()" is null
at base.Reusable.quit(Reusable.java:410)
at hooks.Hooks.tearDown(Hooks.java:20)
]]>
    </failure>
  </testcase> <!-- runScenario -->
  <testcase classname="io.cucumber.testng.AbstractTestNGCucumberTests" name="runScenario" time="0.036">
    <failure type="java.lang.NullPointerException" message="Cannot invoke &amp;quot;org.openqa.selenium.WebDriver.quit()&amp;quot; because the return value of &amp;quot;base.Reusable.getDriver()&amp;quot; is null">
      <![CDATA[java.lang.NullPointerException: Cannot invoke "org.openqa.selenium.WebDriver.quit()" because the return value of "base.Reusable.getDriver()" is null
at base.Reusable.quit(Reusable.java:410)
at hooks.Hooks.tearDown(Hooks.java:20)
]]>
    </failure>
  </testcase> <!-- runScenario -->
  <testcase classname="io.cucumber.testng.AbstractTestNGCucumberTests" name="runScenario" time="0.027">
    <failure type="java.lang.NullPointerException" message="Cannot invoke &amp;quot;org.openqa.selenium.WebDriver.quit()&amp;quot; because the return value of &amp;quot;base.Reusable.getDriver()&amp;quot; is null">
      <![CDATA[java.lang.NullPointerException: Cannot invoke "org.openqa.selenium.WebDriver.quit()" because the return value of "base.Reusable.getDriver()" is null
at base.Reusable.quit(Reusable.java:410)
at hooks.Hooks.tearDown(Hooks.java:20)
]]>
    </failure>
  </testcase> <!-- runScenario -->
</testsuite> <!-- Default test -->
